2023-05-17 18:05:523 INFO  ManageBrowser :28 - Opening browser Chrome 
2023-05-17 18:05:441 INFO  Homepage :33 - Click on : [[ChromeDriver: chrome on WINDOWS (e8c0a07869b59e944ea14a6c467b1787)] -> xpath: //a[normalize-space()='Search Cars']]
2023-05-17 18:05:896 INFO  NewAndUsedCarPage :38 - Get text : [[ChromeDriver: chrome on WINDOWS (e8c0a07869b59e944ea14a6c467b1787)] -> xpath: //h1]
2023-05-17 18:05:171 INFO  ManageBrowser :28 - Opening browser Chrome 
2023-05-17 18:05:106 INFO  Homepage :33 - Click on : [[ChromeDriver: chrome on WINDOWS (eaf93165d62169569c68a080b0e6614c)] -> xpath: //a[normalize-space()='Search Cars']]
2023-05-17 18:05:419 INFO  NewAndUsedCarPage :38 - Get text : [[ChromeDriver: chrome on WINDOWS (eaf93165d62169569c68a080b0e6614c)] -> xpath: //h1]
2023-05-17 18:05:276 INFO  ManageBrowser :28 - Opening browser Chrome 
2023-05-17 18:05:598 INFO  Homepage :33 - Click on : [[ChromeDriver: chrome on WINDOWS (454878963a1d6baa9611c044b514d0bb)] -> xpath: //a[normalize-space()='Search Cars']]
2023-05-17 18:05:682 INFO  NewAndUsedCarPage :38 - Get text : [[ChromeDriver: chrome on WINDOWS (454878963a1d6baa9611c044b514d0bb)] -> xpath: //h1]
2023-05-17 18:05:402 INFO  ManageBrowser :28 - Opening browser Chrome 
2023-05-17 18:05:380 INFO  Homepage :33 - Click on : [[ChromeDriver: chrome on WINDOWS (0ab0be57a844c00c29f4fa942ca5ad85)] -> xpath: //a[normalize-space()='Search Cars']]
2023-05-17 18:05:232 INFO  NewAndUsedCarPage :38 - Get text : [[ChromeDriver: chrome on WINDOWS (0ab0be57a844c00c29f4fa942ca5ad85)] -> xpath: //h1]
2023-05-17 18:05:471 INFO  ManageBrowser :28 - Opening browser Chrome 
2023-05-17 18:05:557 INFO  ManageBrowser :28 - Opening browser Chrome 
2023-05-17 18:05:831 INFO  Homepage :33 - Click on : [[ChromeDriver: chrome on WINDOWS (0491fb15c93a4f23c0a219677aa18a39)] -> xpath: //a[normalize-space()='Search Cars']]
2023-05-17 18:05:693 INFO  NewAndUsedCarPage :38 - Get text : [[ChromeDriver: chrome on WINDOWS (0491fb15c93a4f23c0a219677aa18a39)] -> xpath: //h1]
2023-05-17 18:05:691 INFO  ManageBrowser :28 - Opening browser Chrome 
2023-05-17 18:05:01 INFO  NewAndUsedCarPage :38 - Get text : Proxy element for: DefaultElementLocator 'By.xpath: //h1'
2023-05-17 18:05:818 INFO  ManageBrowser :28 - Opening browser Chrome 
2023-05-17 18:05:608 INFO  NewAndUsedCarPage :38 - Get text : Proxy element for: DefaultElementLocator 'By.xpath: //h1'
2023-05-17 18:05:675 INFO  ManageBrowser :28 - Opening browser Chrome 
2023-05-17 18:05:90 INFO  NewAndUsedCarPage :38 - Get text : Proxy element for: DefaultElementLocator 'By.xpath: //h1'
2023-05-17 18:05:203 INFO  ManageBrowser :28 - Opening browser Chrome 
2023-05-17 18:05:577 INFO  NewAndUsedCarPage :38 - Get text : Proxy element for: DefaultElementLocator 'By.xpath: //h1'
2023-05-17 18:05:142 INFO  ManageBrowser :28 - Opening browser Chrome 
2023-05-17 18:05:154 INFO  NewAndUsedCarPage :38 - Get text : Proxy element for: DefaultElementLocator 'By.xpath: //h1'
2023-05-17 18:05:323 INFO  ManageBrowser :28 - Opening browser Chrome 
2023-05-17 18:05:51 INFO  NewAndUsedCarPage :38 - Get text : Proxy element for: DefaultElementLocator 'By.xpath: //h1'
2023-05-17 18:05:925 INFO  ManageBrowser :28 - Opening browser Chrome 
2023-05-17 18:05:66 INFO  Homepage :39 - Click on : [[ChromeDriver: chrome on WINDOWS (0b6262305a587cc085cda8114ca03ca1)] -> xpath: //a[normalize-space()='Used']]
2023-05-17 18:05:153 INFO  NewAndUsedCarPage :38 - Get text : [[ChromeDriver: chrome on WINDOWS (0b6262305a587cc085cda8114ca03ca1)] -> xpath: //h1]
2023-05-17 18:05:243 INFO  NewAndUsedCarPage :43 - Select : [[ChromeDriver: chrome on WINDOWS (0b6262305a587cc085cda8114ca03ca1)] -> id: makes]
2023-05-17 18:05:634 INFO  NewAndUsedCarPage :47 - Select : [[ChromeDriver: chrome on WINDOWS (0b6262305a587cc085cda8114ca03ca1)] -> id: models]
2023-05-17 18:05:747 INFO  NewAndUsedCarPage :51 - Select : [[ChromeDriver: chrome on WINDOWS (0b6262305a587cc085cda8114ca03ca1)] -> id: locations]
2023-05-17 18:05:857 INFO  NewAndUsedCarPage :55 - Select : [[ChromeDriver: chrome on WINDOWS (0b6262305a587cc085cda8114ca03ca1)] -> id: priceTo]
2023-05-17 18:05:422 INFO  NewAndUsedCarPage :59 - Click on : [[ChromeDriver: chrome on WINDOWS (0b6262305a587cc085cda8114ca03ca1)] -> xpath: //input[@id='search-submit']]
2023-05-17 18:05:491 INFO  ResultPage :22 - Get text : [[ChromeDriver: chrome on WINDOWS (0b6262305a587cc085cda8114ca03ca1)] -> xpath: //h1]
2023-05-17 18:05:288 INFO  ManageBrowser :28 - Opening browser Chrome 
2023-05-17 18:05:651 INFO  Homepage :39 - Click on : [[ChromeDriver: chrome on WINDOWS (61cd76cab5bb0b608f6c9ced8e2ed355)] -> xpath: //a[normalize-space()='Used']]
2023-05-17 18:05:74 INFO  NewAndUsedCarPage :38 - Get text : [[ChromeDriver: chrome on WINDOWS (61cd76cab5bb0b608f6c9ced8e2ed355)] -> xpath: //h1]
2023-05-17 18:05:944 INFO  NewAndUsedCarPage :43 - Select : [[ChromeDriver: chrome on WINDOWS (61cd76cab5bb0b608f6c9ced8e2ed355)] -> id: makes]
2023-05-17 18:05:98 INFO  NewAndUsedCarPage :47 - Select : [[ChromeDriver: chrome on WINDOWS (61cd76cab5bb0b608f6c9ced8e2ed355)] -> id: models]
2023-05-17 18:05:220 INFO  NewAndUsedCarPage :51 - Select : [[ChromeDriver: chrome on WINDOWS (61cd76cab5bb0b608f6c9ced8e2ed355)] -> id: locations]
2023-05-17 18:05:346 INFO  NewAndUsedCarPage :55 - Select : [[ChromeDriver: chrome on WINDOWS (61cd76cab5bb0b608f6c9ced8e2ed355)] -> id: priceTo]
2023-05-17 18:05:364 INFO  NewAndUsedCarPage :59 - Click on : [[ChromeDriver: chrome on WINDOWS (61cd76cab5bb0b608f6c9ced8e2ed355)] -> xpath: //input[@id='search-submit']]
2023-05-17 18:05:403 INFO  ResultPage :22 - Get text : [[ChromeDriver: chrome on WINDOWS (61cd76cab5bb0b608f6c9ced8e2ed355)] -> xpath: //h1]
2023-05-17 18:05:847 INFO  ManageBrowser :28 - Opening browser Chrome 
2023-05-17 18:05:272 INFO  ManageBrowser :28 - Opening browser Chrome 
2023-05-17 18:05:242 INFO  Homepage :39 - Click on : [[ChromeDriver: chrome on WINDOWS (429e040ce8b55c8f423b3740b75a6bec)] -> xpath: //a[normalize-space()='Used']]
2023-05-17 18:05:219 INFO  NewAndUsedCarPage :38 - Get text : [[ChromeDriver: chrome on WINDOWS (429e040ce8b55c8f423b3740b75a6bec)] -> xpath: //h1]
2023-05-17 18:05:580 INFO  NewAndUsedCarPage :43 - Select : [[ChromeDriver: chrome on WINDOWS (429e040ce8b55c8f423b3740b75a6bec)] -> id: makes]
2023-05-17 18:05:762 INFO  NewAndUsedCarPage :47 - Select : [[ChromeDriver: chrome on WINDOWS (429e040ce8b55c8f423b3740b75a6bec)] -> id: models]
2023-05-17 18:05:874 INFO  NewAndUsedCarPage :51 - Select : [[ChromeDriver: chrome on WINDOWS (429e040ce8b55c8f423b3740b75a6bec)] -> id: locations]
2023-05-17 18:05:981 INFO  NewAndUsedCarPage :55 - Select : [[ChromeDriver: chrome on WINDOWS (429e040ce8b55c8f423b3740b75a6bec)] -> id: priceTo]
2023-05-17 18:05:774 INFO  NewAndUsedCarPage :59 - Click on : [[ChromeDriver: chrome on WINDOWS (429e040ce8b55c8f423b3740b75a6bec)] -> xpath: //input[@id='search-submit']]
2023-05-17 18:05:823 INFO  ResultPage :22 - Get text : [[ChromeDriver: chrome on WINDOWS (429e040ce8b55c8f423b3740b75a6bec)] -> xpath: //h1]
2023-05-17 18:05:85 INFO  ManageBrowser :28 - Opening browser Chrome 
2023-05-17 18:05:228 INFO  Homepage :39 - Click on : [[ChromeDriver: chrome on WINDOWS (7cc7faede8864cb20ef79e245097bed8)] -> xpath: //a[normalize-space()='Used']]
2023-05-17 18:05:275 INFO  NewAndUsedCarPage :38 - Get text : [[ChromeDriver: chrome on WINDOWS (7cc7faede8864cb20ef79e245097bed8)] -> xpath: //h1]
2023-05-17 18:05:127 INFO  NewAndUsedCarPage :43 - Select : [[ChromeDriver: chrome on WINDOWS (7cc7faede8864cb20ef79e245097bed8)] -> id: makes]
2023-05-17 18:05:309 INFO  NewAndUsedCarPage :47 - Select : [[ChromeDriver: chrome on WINDOWS (7cc7faede8864cb20ef79e245097bed8)] -> id: models]
2023-05-17 18:05:424 INFO  NewAndUsedCarPage :51 - Select : [[ChromeDriver: chrome on WINDOWS (7cc7faede8864cb20ef79e245097bed8)] -> id: locations]
2023-05-17 18:05:532 INFO  NewAndUsedCarPage :55 - Select : [[ChromeDriver: chrome on WINDOWS (7cc7faede8864cb20ef79e245097bed8)] -> id: priceTo]
2023-05-17 18:05:972 INFO  NewAndUsedCarPage :59 - Click on : [[ChromeDriver: chrome on WINDOWS (7cc7faede8864cb20ef79e245097bed8)] -> xpath: //input[@id='search-submit']]
2023-05-17 18:05:07 INFO  ResultPage :22 - Get text : [[ChromeDriver: chrome on WINDOWS (7cc7faede8864cb20ef79e245097bed8)] -> xpath: //h1]
2023-05-17 18:05:56 INFO  ManageBrowser :28 - Opening browser Chrome 
2023-05-17 18:05:116 INFO  Homepage :39 - Click on : [[ChromeDriver: chrome on WINDOWS (264a8fa830eb26d944e8964c0b825d52)] -> xpath: //a[normalize-space()='Used']]
2023-05-17 18:05:227 INFO  NewAndUsedCarPage :38 - Get text : [[ChromeDriver: chrome on WINDOWS (264a8fa830eb26d944e8964c0b825d52)] -> xpath: //h1]
2023-05-17 18:05:479 INFO  NewAndUsedCarPage :43 - Select : [[ChromeDriver: chrome on WINDOWS (264a8fa830eb26d944e8964c0b825d52)] -> id: makes]
2023-05-17 18:05:138 INFO  NewAndUsedCarPage :47 - Select : [[ChromeDriver: chrome on WINDOWS (264a8fa830eb26d944e8964c0b825d52)] -> id: models]
2023-05-17 18:05:375 INFO  NewAndUsedCarPage :51 - Select : [[ChromeDriver: chrome on WINDOWS (264a8fa830eb26d944e8964c0b825d52)] -> id: locations]
2023-05-17 18:05:490 INFO  NewAndUsedCarPage :55 - Select : [[ChromeDriver: chrome on WINDOWS (264a8fa830eb26d944e8964c0b825d52)] -> id: priceTo]
2023-05-17 18:05:628 INFO  NewAndUsedCarPage :59 - Click on : [[ChromeDriver: chrome on WINDOWS (264a8fa830eb26d944e8964c0b825d52)] -> xpath: //input[@id='search-submit']]
2023-05-17 18:05:671 INFO  ResultPage :22 - Get text : [[ChromeDriver: chrome on WINDOWS (264a8fa830eb26d944e8964c0b825d52)] -> xpath: //h1]
2023-05-17 18:05:549 INFO  ManageBrowser :28 - Opening browser Chrome 
2023-05-17 18:05:589 INFO  Homepage :34 - Click on : [[ChromeDriver: chrome on WINDOWS (53c8331ef1b2ca81425d93e34839dbf9)] -> xpath: //a[normalize-space()='Search Cars']]
2023-05-17 18:05:524 INFO  NewAndUsedCarPage :38 - Get text : [[ChromeDriver: chrome on WINDOWS (53c8331ef1b2ca81425d93e34839dbf9)] -> xpath: //h1]
2023-05-17 18:05:270 INFO  ManageBrowser :28 - Opening browser Chrome 
2023-05-17 18:05:91 INFO  Homepage :34 - Click on : [[ChromeDriver: chrome on WINDOWS (460162c1df24fc8ab7838fc991c0e01c)] -> xpath: //a[normalize-space()='Search Cars']]
2023-05-17 18:05:04 INFO  NewAndUsedCarPage :38 - Get text : [[ChromeDriver: chrome on WINDOWS (460162c1df24fc8ab7838fc991c0e01c)] -> xpath: //h1]
2023-05-17 18:05:610 INFO  ManageBrowser :28 - Opening browser Chrome 
2023-05-17 18:05:873 INFO  Homepage :34 - Click on : [[ChromeDriver: chrome on WINDOWS (5d1770545e29fc9190d9c927ec1821ed)] -> xpath: //a[normalize-space()='Search Cars']]
2023-05-17 18:05:36 INFO  NewAndUsedCarPage :38 - Get text : [[ChromeDriver: chrome on WINDOWS (5d1770545e29fc9190d9c927ec1821ed)] -> xpath: //h1]
2023-05-17 18:05:99 INFO  ManageBrowser :28 - Opening browser Chrome 
2023-05-17 18:05:708 INFO  Homepage :34 - Click on : [[ChromeDriver: chrome on WINDOWS (c5b925ecb43fe3544e9b833bd0ecf47a)] -> xpath: //a[normalize-space()='Search Cars']]
2023-05-17 18:05:231 INFO  NewAndUsedCarPage :38 - Get text : [[ChromeDriver: chrome on WINDOWS (c5b925ecb43fe3544e9b833bd0ecf47a)] -> xpath: //h1]
2023-05-17 18:05:717 INFO  ManageBrowser :28 - Opening browser Chrome 
2023-05-17 18:05:665 INFO  Homepage :34 - Click on : [[ChromeDriver: chrome on WINDOWS (76ab52bb3a2208880c88b9535072f2ba)] -> xpath: //a[normalize-space()='Search Cars']]
2023-05-17 18:05:203 INFO  NewAndUsedCarPage :38 - Get text : [[ChromeDriver: chrome on WINDOWS (76ab52bb3a2208880c88b9535072f2ba)] -> xpath: //h1]
2023-05-17 18:05:471 INFO  ManageBrowser :28 - Opening browser Chrome 
2023-05-17 18:05:716 INFO  Homepage :34 - Click on : [[ChromeDriver: chrome on WINDOWS (576de14cda307a181b6114e1e73a2681)] -> xpath: //a[normalize-space()='Search Cars']]
2023-05-17 18:05:853 INFO  NewAndUsedCarPage :38 - Get text : [[ChromeDriver: chrome on WINDOWS (576de14cda307a181b6114e1e73a2681)] -> xpath: //h1]
2023-05-17 18:05:77 INFO  ManageBrowser :28 - Opening browser Chrome 
2023-05-17 18:05:364 INFO  Homepage :39 - Click on : [[ChromeDriver: chrome on WINDOWS (cbb3ce928513392f17a0284d342003f9)] -> xpath: //a[normalize-space()='Used']]
2023-05-17 18:05:786 INFO  NewAndUsedCarPage :38 - Get text : [[ChromeDriver: chrome on WINDOWS (cbb3ce928513392f17a0284d342003f9)] -> xpath: //h1]
2023-05-17 18:05:128 INFO  NewAndUsedCarPage :43 - Select : [[ChromeDriver: chrome on WINDOWS (cbb3ce928513392f17a0284d342003f9)] -> id: makes]
2023-05-17 18:05:252 INFO  NewAndUsedCarPage :47 - Select : [[ChromeDriver: chrome on WINDOWS (cbb3ce928513392f17a0284d342003f9)] -> id: models]
2023-05-17 18:05:368 INFO  NewAndUsedCarPage :51 - Select : [[ChromeDriver: chrome on WINDOWS (cbb3ce928513392f17a0284d342003f9)] -> id: locations]
2023-05-17 18:05:475 INFO  NewAndUsedCarPage :55 - Select : [[ChromeDriver: chrome on WINDOWS (cbb3ce928513392f17a0284d342003f9)] -> id: priceTo]
2023-05-17 18:05:196 INFO  NewAndUsedCarPage :59 - Click on : [[ChromeDriver: chrome on WINDOWS (cbb3ce928513392f17a0284d342003f9)] -> xpath: //input[@id='search-submit']]
2023-05-17 18:05:275 INFO  ResultPage :22 - Get text : [[ChromeDriver: chrome on WINDOWS (cbb3ce928513392f17a0284d342003f9)] -> xpath: //h1]
2023-05-17 18:05:665 INFO  ManageBrowser :28 - Opening browser Chrome 
2023-05-17 18:05:540 INFO  Homepage :39 - Click on : [[ChromeDriver: chrome on WINDOWS (dd7fceaf71c60061883f2db5e76ec651)] -> xpath: //a[normalize-space()='Used']]
2023-05-17 18:05:638 INFO  NewAndUsedCarPage :38 - Get text : [[ChromeDriver: chrome on WINDOWS (dd7fceaf71c60061883f2db5e76ec651)] -> xpath: //h1]
2023-05-17 18:05:968 INFO  NewAndUsedCarPage :43 - Select : [[ChromeDriver: chrome on WINDOWS (dd7fceaf71c60061883f2db5e76ec651)] -> id: makes]
2023-05-17 18:05:126 INFO  NewAndUsedCarPage :47 - Select : [[ChromeDriver: chrome on WINDOWS (dd7fceaf71c60061883f2db5e76ec651)] -> id: models]
2023-05-17 18:05:234 INFO  NewAndUsedCarPage :51 - Select : [[ChromeDriver: chrome on WINDOWS (dd7fceaf71c60061883f2db5e76ec651)] -> id: locations]
2023-05-17 18:05:344 INFO  NewAndUsedCarPage :55 - Select : [[ChromeDriver: chrome on WINDOWS (dd7fceaf71c60061883f2db5e76ec651)] -> id: priceTo]
2023-05-17 18:05:151 INFO  NewAndUsedCarPage :59 - Click on : [[ChromeDriver: chrome on WINDOWS (dd7fceaf71c60061883f2db5e76ec651)] -> xpath: //input[@id='search-submit']]
2023-05-17 18:05:566 INFO  ResultPage :22 - Get text : [[ChromeDriver: chrome on WINDOWS (dd7fceaf71c60061883f2db5e76ec651)] -> xpath: //h1]
2023-05-17 18:05:577 INFO  ManageBrowser :28 - Opening browser Chrome 
2023-05-17 18:05:924 INFO  Homepage :39 - Click on : [[ChromeDriver: chrome on WINDOWS (93e9937307f14f36e0362a43a2e66896)] -> xpath: //a[normalize-space()='Used']]
2023-05-17 18:05:812 INFO  NewAndUsedCarPage :38 - Get text : [[ChromeDriver: chrome on WINDOWS (93e9937307f14f36e0362a43a2e66896)] -> xpath: //h1]
2023-05-17 18:05:868 INFO  NewAndUsedCarPage :43 - Select : [[ChromeDriver: chrome on WINDOWS (93e9937307f14f36e0362a43a2e66896)] -> id: makes]
2023-05-17 18:05:99 INFO  NewAndUsedCarPage :47 - Select : [[ChromeDriver: chrome on WINDOWS (93e9937307f14f36e0362a43a2e66896)] -> id: models]
2023-05-17 18:05:352 INFO  NewAndUsedCarPage :51 - Select : [[ChromeDriver: chrome on WINDOWS (93e9937307f14f36e0362a43a2e66896)] -> id: locations]
2023-05-17 18:05:470 INFO  NewAndUsedCarPage :55 - Select : [[ChromeDriver: chrome on WINDOWS (93e9937307f14f36e0362a43a2e66896)] -> id: priceTo]
2023-05-17 18:05:396 INFO  NewAndUsedCarPage :59 - Click on : [[ChromeDriver: chrome on WINDOWS (93e9937307f14f36e0362a43a2e66896)] -> xpath: //input[@id='search-submit']]
2023-05-17 18:05:441 INFO  ResultPage :22 - Get text : [[ChromeDriver: chrome on WINDOWS (93e9937307f14f36e0362a43a2e66896)] -> xpath: //h1]
2023-05-17 18:05:536 INFO  ManageBrowser :28 - Opening browser Chrome 
2023-05-17 18:05:785 INFO  Homepage :39 - Click on : [[ChromeDriver: chrome on WINDOWS (75c683b0f53add348652db728d55e774)] -> xpath: //a[normalize-space()='Used']]
2023-05-17 18:05:320 INFO  NewAndUsedCarPage :38 - Get text : [[ChromeDriver: chrome on WINDOWS (75c683b0f53add348652db728d55e774)] -> xpath: //h1]
2023-05-17 18:05:587 INFO  NewAndUsedCarPage :43 - Select : [[ChromeDriver: chrome on WINDOWS (75c683b0f53add348652db728d55e774)] -> id: makes]
2023-05-17 18:05:884 INFO  NewAndUsedCarPage :47 - Select : [[ChromeDriver: chrome on WINDOWS (75c683b0f53add348652db728d55e774)] -> id: models]
2023-05-17 18:05:70 INFO  NewAndUsedCarPage :51 - Select : [[ChromeDriver: chrome on WINDOWS (75c683b0f53add348652db728d55e774)] -> id: locations]
2023-05-17 18:05:263 INFO  NewAndUsedCarPage :55 - Select : [[ChromeDriver: chrome on WINDOWS (75c683b0f53add348652db728d55e774)] -> id: priceTo]
2023-05-17 18:05:513 INFO  NewAndUsedCarPage :59 - Click on : [[ChromeDriver: chrome on WINDOWS (75c683b0f53add348652db728d55e774)] -> xpath: //input[@id='search-submit']]
2023-05-17 18:05:599 INFO  ResultPage :22 - Get text : [[ChromeDriver: chrome on WINDOWS (75c683b0f53add348652db728d55e774)] -> xpath: //h1]
2023-05-17 18:05:32 INFO  ManageBrowser :28 - Opening browser Chrome 
2023-05-17 19:05:898 INFO  Homepage :39 - Click on : [[ChromeDriver: chrome on WINDOWS (cf8cb475b74473898ab7a957cfc9cc32)] -> xpath: //a[normalize-space()='Used']]
2023-05-17 19:05:342 INFO  NewAndUsedCarPage :38 - Get text : [[ChromeDriver: chrome on WINDOWS (cf8cb475b74473898ab7a957cfc9cc32)] -> xpath: //h1]
2023-05-17 19:05:651 INFO  NewAndUsedCarPage :43 - Select : [[ChromeDriver: chrome on WINDOWS (cf8cb475b74473898ab7a957cfc9cc32)] -> id: makes]
2023-05-17 19:05:865 INFO  NewAndUsedCarPage :47 - Select : [[ChromeDriver: chrome on WINDOWS (cf8cb475b74473898ab7a957cfc9cc32)] -> id: models]
2023-05-17 19:05:64 INFO  NewAndUsedCarPage :51 - Select : [[ChromeDriver: chrome on WINDOWS (cf8cb475b74473898ab7a957cfc9cc32)] -> id: locations]
2023-05-17 19:05:249 INFO  NewAndUsedCarPage :55 - Select : [[ChromeDriver: chrome on WINDOWS (cf8cb475b74473898ab7a957cfc9cc32)] -> id: priceTo]
2023-05-17 19:05:311 INFO  NewAndUsedCarPage :59 - Click on : [[ChromeDriver: chrome on WINDOWS (cf8cb475b74473898ab7a957cfc9cc32)] -> xpath: //input[@id='search-submit']]
2023-05-17 19:05:351 INFO  ResultPage :22 - Get text : [[ChromeDriver: chrome on WINDOWS (cf8cb475b74473898ab7a957cfc9cc32)] -> xpath: //h1]
2023-05-17 19:05:270 INFO  ManageBrowser :28 - Opening browser Chrome 
2023-05-17 19:05:976 INFO  Homepage :39 - Click on : [[ChromeDriver: chrome on WINDOWS (50207b1ec416c4fec7230e72d1f8abc7)] -> xpath: //a[normalize-space()='Used']]
2023-05-17 19:05:73 INFO  NewAndUsedCarPage :38 - Get text : [[ChromeDriver: chrome on WINDOWS (50207b1ec416c4fec7230e72d1f8abc7)] -> xpath: //h1]
2023-05-17 19:05:391 INFO  NewAndUsedCarPage :43 - Select : [[ChromeDriver: chrome on WINDOWS (50207b1ec416c4fec7230e72d1f8abc7)] -> id: makes]
2023-05-17 19:05:510 INFO  NewAndUsedCarPage :47 - Select : [[ChromeDriver: chrome on WINDOWS (50207b1ec416c4fec7230e72d1f8abc7)] -> id: models]
2023-05-17 19:05:626 INFO  NewAndUsedCarPage :51 - Select : [[ChromeDriver: chrome on WINDOWS (50207b1ec416c4fec7230e72d1f8abc7)] -> id: locations]
2023-05-17 19:05:742 INFO  NewAndUsedCarPage :55 - Select : [[ChromeDriver: chrome on WINDOWS (50207b1ec416c4fec7230e72d1f8abc7)] -> id: priceTo]
2023-05-17 19:05:204 INFO  NewAndUsedCarPage :59 - Click on : [[ChromeDriver: chrome on WINDOWS (50207b1ec416c4fec7230e72d1f8abc7)] -> xpath: //input[@id='search-submit']]
2023-05-17 19:05:253 INFO  ResultPage :22 - Get text : [[ChromeDriver: chrome on WINDOWS (50207b1ec416c4fec7230e72d1f8abc7)] -> xpath: //h1]
2023-05-17 19:05:529 INFO  ManageBrowser :28 - Opening browser Chrome 
2023-05-17 19:05:20 INFO  Homepage :34 - Click on : [[ChromeDriver: chrome on WINDOWS (52c7de062a97b6af28175945d2c8bacb)] -> xpath: //a[normalize-space()='Search Cars']]
2023-05-17 19:05:158 INFO  NewAndUsedCarPage :38 - Get text : [[ChromeDriver: chrome on WINDOWS (52c7de062a97b6af28175945d2c8bacb)] -> xpath: //h1]
2023-05-17 19:05:287 INFO  NewAndUsedCarPage :43 - Select : [[ChromeDriver: chrome on WINDOWS (52c7de062a97b6af28175945d2c8bacb)] -> id: makes]
2023-05-17 19:05:287 INFO  ManageBrowser :28 - Opening browser Chrome 
2023-05-17 19:05:147 INFO  Homepage :34 - Click on : [[ChromeDriver: chrome on WINDOWS (9eb9484c92a9d0ad8569d3c97b4beb1b)] -> xpath: //a[normalize-space()='Search Cars']]
2023-05-17 19:05:423 INFO  NewAndUsedCarPage :38 - Get text : [[ChromeDriver: chrome on WINDOWS (9eb9484c92a9d0ad8569d3c97b4beb1b)] -> xpath: //h1]
2023-05-17 19:05:606 INFO  NewAndUsedCarPage :43 - Select : [[ChromeDriver: chrome on WINDOWS (9eb9484c92a9d0ad8569d3c97b4beb1b)] -> id: makes]
2023-05-17 19:05:770 INFO  NewAndUsedCarPage :47 - Select : [[ChromeDriver: chrome on WINDOWS (9eb9484c92a9d0ad8569d3c97b4beb1b)] -> id: models]
2023-05-17 19:05:896 INFO  NewAndUsedCarPage :51 - Select : [[ChromeDriver: chrome on WINDOWS (9eb9484c92a9d0ad8569d3c97b4beb1b)] -> id: locations]
2023-05-17 19:05:12 INFO  NewAndUsedCarPage :55 - Select : [[ChromeDriver: chrome on WINDOWS (9eb9484c92a9d0ad8569d3c97b4beb1b)] -> id: priceTo]
2023-05-17 19:05:945 INFO  NewAndUsedCarPage :59 - Click on : [[ChromeDriver: chrome on WINDOWS (9eb9484c92a9d0ad8569d3c97b4beb1b)] -> xpath: //input[@id='search-submit']]
2023-05-17 19:05:989 INFO  ResultPage :22 - Get text : [[ChromeDriver: chrome on WINDOWS (9eb9484c92a9d0ad8569d3c97b4beb1b)] -> xpath: //h1]
2023-05-17 19:05:925 INFO  ManageBrowser :28 - Opening browser Chrome 
2023-05-17 19:05:960 INFO  Homepage :34 - Click on : [[ChromeDriver: chrome on WINDOWS (ed6cf459505478b0b80cfb817e9cfd1d)] -> xpath: //a[normalize-space()='Search Cars']]
2023-05-17 19:05:33 INFO  NewAndUsedCarPage :38 - Get text : [[ChromeDriver: chrome on WINDOWS (ed6cf459505478b0b80cfb817e9cfd1d)] -> xpath: //h1]
2023-05-17 19:05:220 INFO  NewAndUsedCarPage :43 - Select : [[ChromeDriver: chrome on WINDOWS (ed6cf459505478b0b80cfb817e9cfd1d)] -> id: makes]
2023-05-17 19:05:514 INFO  NewAndUsedCarPage :47 - Select : [[ChromeDriver: chrome on WINDOWS (ed6cf459505478b0b80cfb817e9cfd1d)] -> id: models]
2023-05-17 19:05:621 INFO  NewAndUsedCarPage :51 - Select : [[ChromeDriver: chrome on WINDOWS (ed6cf459505478b0b80cfb817e9cfd1d)] -> id: locations]
2023-05-17 19:05:731 INFO  NewAndUsedCarPage :55 - Select : [[ChromeDriver: chrome on WINDOWS (ed6cf459505478b0b80cfb817e9cfd1d)] -> id: priceTo]
2023-05-17 19:05:142 INFO  ManageBrowser :28 - Opening browser Chrome 
2023-05-17 19:05:107 INFO  ManageBrowser :28 - Opening browser Chrome 
2023-05-17 19:05:613 INFO  Homepage :34 - Click on : [[ChromeDriver: chrome on WINDOWS (f041df90360e9086f0020c6b329c6c16)] -> xpath: //a[normalize-space()='Search Cars']]
2023-05-17 19:05:804 INFO  NewAndUsedCarPage :38 - Get text : [[ChromeDriver: chrome on WINDOWS (f041df90360e9086f0020c6b329c6c16)] -> xpath: //h1]
2023-05-17 19:05:624 INFO  NewAndUsedCarPage :43 - Select : [[ChromeDriver: chrome on WINDOWS (f041df90360e9086f0020c6b329c6c16)] -> id: makes]
2023-05-17 19:05:820 INFO  NewAndUsedCarPage :47 - Select : [[ChromeDriver: chrome on WINDOWS (f041df90360e9086f0020c6b329c6c16)] -> id: models]
2023-05-17 19:05:218 INFO  NewAndUsedCarPage :51 - Select : [[ChromeDriver: chrome on WINDOWS (f041df90360e9086f0020c6b329c6c16)] -> id: locations]
2023-05-17 19:05:422 INFO  NewAndUsedCarPage :55 - Select : [[ChromeDriver: chrome on WINDOWS (f041df90360e9086f0020c6b329c6c16)] -> id: priceTo]
2023-05-17 19:05:609 INFO  ManageBrowser :28 - Opening browser Chrome 
2023-05-17 19:05:446 INFO  Homepage :34 - Click on : [[ChromeDriver: chrome on WINDOWS (990ccefb349b9d37db787652745b90a4)] -> xpath: //a[normalize-space()='Search Cars']]
2023-05-17 19:05:909 INFO  NewAndUsedCarPage :38 - Get text : [[ChromeDriver: chrome on WINDOWS (990ccefb349b9d37db787652745b90a4)] -> xpath: //h1]
2023-05-17 19:05:127 INFO  NewAndUsedCarPage :43 - Select : [[ChromeDriver: chrome on WINDOWS (990ccefb349b9d37db787652745b90a4)] -> id: makes]
2023-05-17 19:05:252 INFO  NewAndUsedCarPage :47 - Select : [[ChromeDriver: chrome on WINDOWS (990ccefb349b9d37db787652745b90a4)] -> id: models]
2023-05-17 19:05:405 INFO  NewAndUsedCarPage :51 - Select : [[ChromeDriver: chrome on WINDOWS (990ccefb349b9d37db787652745b90a4)] -> id: locations]
2023-05-17 19:05:518 INFO  NewAndUsedCarPage :55 - Select : [[ChromeDriver: chrome on WINDOWS (990ccefb349b9d37db787652745b90a4)] -> id: priceTo]
2023-05-17 19:05:670 INFO  ManageBrowser :28 - Opening browser Chrome 
2023-05-17 19:05:77 INFO  Homepage :39 - Click on : [[ChromeDriver: chrome on WINDOWS (10251fea8d8abdb7ba4f69f2049149ca)] -> xpath: //a[normalize-space()='Used']]
2023-05-17 19:05:170 INFO  NewAndUsedCarPage :38 - Get text : [[ChromeDriver: chrome on WINDOWS (10251fea8d8abdb7ba4f69f2049149ca)] -> xpath: //h1]
2023-05-17 19:05:512 INFO  NewAndUsedCarPage :43 - Select : [[ChromeDriver: chrome on WINDOWS (10251fea8d8abdb7ba4f69f2049149ca)] -> id: makes]
2023-05-17 19:05:904 INFO  NewAndUsedCarPage :47 - Select : [[ChromeDriver: chrome on WINDOWS (10251fea8d8abdb7ba4f69f2049149ca)] -> id: models]
2023-05-17 19:05:112 INFO  NewAndUsedCarPage :51 - Select : [[ChromeDriver: chrome on WINDOWS (10251fea8d8abdb7ba4f69f2049149ca)] -> id: locations]
2023-05-17 19:05:305 INFO  NewAndUsedCarPage :55 - Select : [[ChromeDriver: chrome on WINDOWS (10251fea8d8abdb7ba4f69f2049149ca)] -> id: priceTo]
2023-05-17 19:05:728 INFO  NewAndUsedCarPage :59 - Click on : [[ChromeDriver: chrome on WINDOWS (10251fea8d8abdb7ba4f69f2049149ca)] -> xpath: //input[@id='search-submit']]
2023-05-17 19:05:796 INFO  ResultPage :22 - Get text : [[ChromeDriver: chrome on WINDOWS (10251fea8d8abdb7ba4f69f2049149ca)] -> xpath: //h1]
2023-05-17 19:05:782 INFO  ManageBrowser :28 - Opening browser Chrome 
2023-05-17 19:05:516 INFO  Homepage :39 - Click on : [[ChromeDriver: chrome on WINDOWS (d3ce16697e536132d4b0ea6a15800c87)] -> xpath: //a[normalize-space()='Used']]
2023-05-17 19:05:102 INFO  NewAndUsedCarPage :38 - Get text : [[ChromeDriver: chrome on WINDOWS (d3ce16697e536132d4b0ea6a15800c87)] -> xpath: //h1]
2023-05-17 19:05:494 INFO  NewAndUsedCarPage :43 - Select : [[ChromeDriver: chrome on WINDOWS (d3ce16697e536132d4b0ea6a15800c87)] -> id: makes]
2023-05-17 19:05:326 INFO  NewAndUsedCarPage :47 - Select : [[ChromeDriver: chrome on WINDOWS (d3ce16697e536132d4b0ea6a15800c87)] -> id: models]
2023-05-17 19:05:519 INFO  NewAndUsedCarPage :51 - Select : [[ChromeDriver: chrome on WINDOWS (d3ce16697e536132d4b0ea6a15800c87)] -> id: locations]
2023-05-17 19:05:705 INFO  NewAndUsedCarPage :55 - Select : [[ChromeDriver: chrome on WINDOWS (d3ce16697e536132d4b0ea6a15800c87)] -> id: priceTo]
2023-05-17 19:05:737 INFO  ManageBrowser :28 - Opening browser Chrome 
2023-05-17 19:05:928 INFO  Homepage :39 - Click on : [[ChromeDriver: chrome on WINDOWS (87f6d2af9d174f473eea1f3aca8bb287)] -> xpath: //a[normalize-space()='Used']]
2023-05-17 19:05:505 INFO  NewAndUsedCarPage :38 - Get text : [[ChromeDriver: chrome on WINDOWS (87f6d2af9d174f473eea1f3aca8bb287)] -> xpath: //h1]
2023-05-17 19:05:274 INFO  NewAndUsedCarPage :43 - Select : [[ChromeDriver: chrome on WINDOWS (87f6d2af9d174f473eea1f3aca8bb287)] -> id: makes]
2023-05-17 19:05:476 INFO  NewAndUsedCarPage :47 - Select : [[ChromeDriver: chrome on WINDOWS (87f6d2af9d174f473eea1f3aca8bb287)] -> id: models]
2023-05-17 19:05:675 INFO  NewAndUsedCarPage :51 - Select : [[ChromeDriver: chrome on WINDOWS (87f6d2af9d174f473eea1f3aca8bb287)] -> id: locations]
2023-05-17 19:05:858 INFO  NewAndUsedCarPage :55 - Select : [[ChromeDriver: chrome on WINDOWS (87f6d2af9d174f473eea1f3aca8bb287)] -> id: priceTo]
2023-05-17 19:05:872 INFO  ManageBrowser :28 - Opening browser Chrome 
2023-05-17 19:05:139 INFO  Homepage :39 - Click on : [[ChromeDriver: chrome on WINDOWS (f9f224c0bd7d805b82bac3200a2a99aa)] -> xpath: //a[normalize-space()='Used']]
2023-05-17 19:05:966 INFO  NewAndUsedCarPage :38 - Get text : [[ChromeDriver: chrome on WINDOWS (f9f224c0bd7d805b82bac3200a2a99aa)] -> xpath: //h1]
2023-05-17 19:05:251 INFO  NewAndUsedCarPage :43 - Select : [[ChromeDriver: chrome on WINDOWS (f9f224c0bd7d805b82bac3200a2a99aa)] -> id: makes]
2023-05-17 19:05:472 INFO  NewAndUsedCarPage :47 - Select : [[ChromeDriver: chrome on WINDOWS (f9f224c0bd7d805b82bac3200a2a99aa)] -> id: models]
2023-05-17 19:05:664 INFO  NewAndUsedCarPage :51 - Select : [[ChromeDriver: chrome on WINDOWS (f9f224c0bd7d805b82bac3200a2a99aa)] -> id: locations]
2023-05-17 19:05:860 INFO  NewAndUsedCarPage :55 - Select : [[ChromeDriver: chrome on WINDOWS (f9f224c0bd7d805b82bac3200a2a99aa)] -> id: priceTo]
2023-05-17 19:05:363 INFO  ManageBrowser :28 - Opening browser Chrome 
2023-05-17 19:05:513 INFO  Homepage :39 - Click on : [[ChromeDriver: chrome on WINDOWS (29acb0dfe3f3fda9b3a310cd0b3315ea)] -> xpath: //a[normalize-space()='Used']]
2023-05-17 19:05:648 INFO  NewAndUsedCarPage :38 - Get text : [[ChromeDriver: chrome on WINDOWS (29acb0dfe3f3fda9b3a310cd0b3315ea)] -> xpath: //h1]
2023-05-17 19:05:668 INFO  NewAndUsedCarPage :43 - Select : [[ChromeDriver: chrome on WINDOWS (29acb0dfe3f3fda9b3a310cd0b3315ea)] -> id: makes]
2023-05-17 19:05:883 INFO  NewAndUsedCarPage :47 - Select : [[ChromeDriver: chrome on WINDOWS (29acb0dfe3f3fda9b3a310cd0b3315ea)] -> id: models]
2023-05-17 19:05:79 INFO  NewAndUsedCarPage :51 - Select : [[ChromeDriver: chrome on WINDOWS (29acb0dfe3f3fda9b3a310cd0b3315ea)] -> id: locations]
2023-05-17 19:05:281 INFO  NewAndUsedCarPage :55 - Select : [[ChromeDriver: chrome on WINDOWS (29acb0dfe3f3fda9b3a310cd0b3315ea)] -> id: priceTo]
2023-05-17 19:05:664 INFO  ManageBrowser :28 - Opening browser Chrome 
2023-05-17 19:05:237 INFO  Homepage :39 - Click on : [[ChromeDriver: chrome on WINDOWS (91a0e91c3f3b49d567293419e2d35da5)] -> xpath: //a[normalize-space()='Used']]
2023-05-17 19:05:253 INFO  NewAndUsedCarPage :38 - Get text : [[ChromeDriver: chrome on WINDOWS (91a0e91c3f3b49d567293419e2d35da5)] -> xpath: //h1]
2023-05-17 19:05:622 INFO  NewAndUsedCarPage :43 - Select : [[ChromeDriver: chrome on WINDOWS (91a0e91c3f3b49d567293419e2d35da5)] -> id: makes]
2023-05-17 19:05:230 INFO  NewAndUsedCarPage :47 - Select : [[ChromeDriver: chrome on WINDOWS (91a0e91c3f3b49d567293419e2d35da5)] -> id: models]
2023-05-17 19:05:423 INFO  NewAndUsedCarPage :51 - Select : [[ChromeDriver: chrome on WINDOWS (91a0e91c3f3b49d567293419e2d35da5)] -> id: locations]
2023-05-17 19:05:619 INFO  NewAndUsedCarPage :55 - Select : [[ChromeDriver: chrome on WINDOWS (91a0e91c3f3b49d567293419e2d35da5)] -> id: priceTo]
2023-05-17 20:05:742 INFO  ManageBrowser :28 - Opening browser Chrome 
2023-05-17 20:05:727 INFO  Homepage :34 - Click on : [[ChromeDriver: chrome on WINDOWS (7d18b88d0a3718a618c7fc89c9743515)] -> xpath: //a[normalize-space()='Search Cars']]
2023-05-17 20:05:788 INFO  NewAndUsedCarPage :38 - Get text : [[ChromeDriver: chrome on WINDOWS (7d18b88d0a3718a618c7fc89c9743515)] -> xpath: //h1]
2023-05-17 20:05:949 INFO  NewAndUsedCarPage :43 - Select : [[ChromeDriver: chrome on WINDOWS (7d18b88d0a3718a618c7fc89c9743515)] -> id: makes]
2023-05-17 20:05:84 INFO  NewAndUsedCarPage :47 - Select : [[ChromeDriver: chrome on WINDOWS (7d18b88d0a3718a618c7fc89c9743515)] -> id: models]
2023-05-17 20:05:196 INFO  NewAndUsedCarPage :51 - Select : [[ChromeDriver: chrome on WINDOWS (7d18b88d0a3718a618c7fc89c9743515)] -> id: locations]
2023-05-17 20:05:308 INFO  NewAndUsedCarPage :55 - Select : [[ChromeDriver: chrome on WINDOWS (7d18b88d0a3718a618c7fc89c9743515)] -> id: priceTo]
2023-05-17 20:05:509 INFO  NewAndUsedCarPage :60 - Click on : [[ChromeDriver: chrome on WINDOWS (7d18b88d0a3718a618c7fc89c9743515)] -> xpath: //input[@id='search-submit']]
2023-05-17 20:05:551 INFO  ResultPage :22 - Get text : [[ChromeDriver: chrome on WINDOWS (7d18b88d0a3718a618c7fc89c9743515)] -> xpath: //h1]
2023-05-17 20:05:725 INFO  ManageBrowser :28 - Opening browser Chrome 
2023-05-17 20:05:946 INFO  ManageBrowser :28 - Opening browser Chrome 
2023-05-17 20:05:823 INFO  ManageBrowser :28 - Opening browser Chrome 
2023-05-17 20:05:306 INFO  Homepage :34 - Click on : [[ChromeDriver: chrome on WINDOWS (d6246e47cd395100180fb2ee8b783d15)] -> xpath: //a[normalize-space()='Search Cars']]
2023-05-17 20:05:756 INFO  NewAndUsedCarPage :38 - Get text : [[ChromeDriver: chrome on WINDOWS (d6246e47cd395100180fb2ee8b783d15)] -> xpath: //h1]
2023-05-17 20:05:821 INFO  NewAndUsedCarPage :43 - Select : [[ChromeDriver: chrome on WINDOWS (d6246e47cd395100180fb2ee8b783d15)] -> id: makes]
2023-05-17 20:05:152 INFO  NewAndUsedCarPage :47 - Select : [[ChromeDriver: chrome on WINDOWS (d6246e47cd395100180fb2ee8b783d15)] -> id: models]
2023-05-17 20:05:318 INFO  NewAndUsedCarPage :51 - Select : [[ChromeDriver: chrome on WINDOWS (d6246e47cd395100180fb2ee8b783d15)] -> id: locations]
2023-05-17 20:05:434 INFO  NewAndUsedCarPage :55 - Select : [[ChromeDriver: chrome on WINDOWS (d6246e47cd395100180fb2ee8b783d15)] -> id: priceTo]
2023-05-17 20:05:729 INFO  NewAndUsedCarPage :60 - Click on : [[ChromeDriver: chrome on WINDOWS (d6246e47cd395100180fb2ee8b783d15)] -> xpath: //input[@id='search-submit']]
2023-05-17 20:05:754 INFO  ResultPage :22 - Get text : [[ChromeDriver: chrome on WINDOWS (d6246e47cd395100180fb2ee8b783d15)] -> xpath: //h1]
2023-05-17 20:05:193 INFO  ManageBrowser :28 - Opening browser Chrome 
2023-05-17 20:05:646 INFO  Homepage :34 - Click on : [[ChromeDriver: chrome on WINDOWS (aa78739efe0d0ac517afc8c68285a461)] -> xpath: //a[normalize-space()='Search Cars']]
2023-05-17 20:05:455 INFO  NewAndUsedCarPage :38 - Get text : [[ChromeDriver: chrome on WINDOWS (aa78739efe0d0ac517afc8c68285a461)] -> xpath: //h1]
2023-05-17 20:05:213 INFO  NewAndUsedCarPage :43 - Select : [[ChromeDriver: chrome on WINDOWS (aa78739efe0d0ac517afc8c68285a461)] -> id: makes]
2023-05-17 20:05:421 INFO  NewAndUsedCarPage :47 - Select : [[ChromeDriver: chrome on WINDOWS (aa78739efe0d0ac517afc8c68285a461)] -> id: models]
2023-05-17 20:05:698 INFO  NewAndUsedCarPage :51 - Select : [[ChromeDriver: chrome on WINDOWS (aa78739efe0d0ac517afc8c68285a461)] -> id: locations]
2023-05-17 20:05:900 INFO  NewAndUsedCarPage :55 - Select : [[ChromeDriver: chrome on WINDOWS (aa78739efe0d0ac517afc8c68285a461)] -> id: priceTo]
2023-05-17 20:05:221 INFO  NewAndUsedCarPage :60 - Click on : [[ChromeDriver: chrome on WINDOWS (aa78739efe0d0ac517afc8c68285a461)] -> xpath: //input[@id='search-submit']]
2023-05-17 20:05:296 INFO  ResultPage :22 - Get text : [[ChromeDriver: chrome on WINDOWS (aa78739efe0d0ac517afc8c68285a461)] -> xpath: //h1]
2023-05-17 20:05:340 INFO  ManageBrowser :28 - Opening browser Chrome 
2023-05-17 20:05:159 INFO  Homepage :34 - Click on : [[ChromeDriver: chrome on WINDOWS (60c806ea539c6dd31b20bbda4f38d2ee)] -> xpath: //a[normalize-space()='Search Cars']]
2023-05-17 20:05:251 INFO  NewAndUsedCarPage :38 - Get text : [[ChromeDriver: chrome on WINDOWS (60c806ea539c6dd31b20bbda4f38d2ee)] -> xpath: //h1]
2023-05-17 20:05:402 INFO  NewAndUsedCarPage :43 - Select : [[ChromeDriver: chrome on WINDOWS (60c806ea539c6dd31b20bbda4f38d2ee)] -> id: makes]
2023-05-17 20:05:958 INFO  NewAndUsedCarPage :47 - Select : [[ChromeDriver: chrome on WINDOWS (60c806ea539c6dd31b20bbda4f38d2ee)] -> id: models]
2023-05-17 20:05:157 INFO  NewAndUsedCarPage :51 - Select : [[ChromeDriver: chrome on WINDOWS (60c806ea539c6dd31b20bbda4f38d2ee)] -> id: locations]
2023-05-17 20:05:355 INFO  NewAndUsedCarPage :55 - Select : [[ChromeDriver: chrome on WINDOWS (60c806ea539c6dd31b20bbda4f38d2ee)] -> id: priceTo]
2023-05-17 20:05:518 INFO  NewAndUsedCarPage :60 - Click on : [[ChromeDriver: chrome on WINDOWS (60c806ea539c6dd31b20bbda4f38d2ee)] -> xpath: //input[@id='search-submit']]
2023-05-17 20:05:628 INFO  ResultPage :22 - Get text : [[ChromeDriver: chrome on WINDOWS (60c806ea539c6dd31b20bbda4f38d2ee)] -> xpath: //h1]
2023-05-17 20:05:53 INFO  ManageBrowser :28 - Opening browser Chrome 
2023-05-17 20:05:124 INFO  Homepage :39 - Click on : [[ChromeDriver: chrome on WINDOWS (d8825539e2dcc1534732c83e60d2bb96)] -> xpath: //a[normalize-space()='Used']]
2023-05-17 20:05:526 INFO  NewAndUsedCarPage :38 - Get text : [[ChromeDriver: chrome on WINDOWS (d8825539e2dcc1534732c83e60d2bb96)] -> xpath: //h1]
2023-05-17 20:05:350 INFO  NewAndUsedCarPage :43 - Select : [[ChromeDriver: chrome on WINDOWS (d8825539e2dcc1534732c83e60d2bb96)] -> id: makes]
2023-05-17 20:05:88 INFO  NewAndUsedCarPage :47 - Select : [[ChromeDriver: chrome on WINDOWS (d8825539e2dcc1534732c83e60d2bb96)] -> id: models]
2023-05-17 20:05:280 INFO  NewAndUsedCarPage :51 - Select : [[ChromeDriver: chrome on WINDOWS (d8825539e2dcc1534732c83e60d2bb96)] -> id: locations]
2023-05-17 20:05:436 INFO  NewAndUsedCarPage :55 - Select : [[ChromeDriver: chrome on WINDOWS (d8825539e2dcc1534732c83e60d2bb96)] -> id: priceTo]
2023-05-17 20:05:265 INFO  NewAndUsedCarPage :60 - Click on : [[ChromeDriver: chrome on WINDOWS (d8825539e2dcc1534732c83e60d2bb96)] -> xpath: //input[@id='search-submit']]
2023-05-17 20:05:296 INFO  ResultPage :22 - Get text : [[ChromeDriver: chrome on WINDOWS (d8825539e2dcc1534732c83e60d2bb96)] -> xpath: //h1]
2023-05-17 20:05:651 INFO  ManageBrowser :28 - Opening browser Chrome 
2023-05-17 20:05:947 INFO  Homepage :39 - Click on : [[ChromeDriver: chrome on WINDOWS (b1ed7fec4cc7737d71ec2b15f71eddf9)] -> xpath: //a[normalize-space()='Used']]
2023-05-17 20:05:701 INFO  NewAndUsedCarPage :38 - Get text : [[ChromeDriver: chrome on WINDOWS (b1ed7fec4cc7737d71ec2b15f71eddf9)] -> xpath: //h1]
2023-05-17 20:05:914 INFO  NewAndUsedCarPage :43 - Select : [[ChromeDriver: chrome on WINDOWS (b1ed7fec4cc7737d71ec2b15f71eddf9)] -> id: makes]
2023-05-17 20:05:351 INFO  NewAndUsedCarPage :47 - Select : [[ChromeDriver: chrome on WINDOWS (b1ed7fec4cc7737d71ec2b15f71eddf9)] -> id: models]
2023-05-17 20:05:518 INFO  NewAndUsedCarPage :51 - Select : [[ChromeDriver: chrome on WINDOWS (b1ed7fec4cc7737d71ec2b15f71eddf9)] -> id: locations]
2023-05-17 20:05:643 INFO  NewAndUsedCarPage :55 - Select : [[ChromeDriver: chrome on WINDOWS (b1ed7fec4cc7737d71ec2b15f71eddf9)] -> id: priceTo]
2023-05-17 20:05:631 INFO  NewAndUsedCarPage :60 - Click on : [[ChromeDriver: chrome on WINDOWS (b1ed7fec4cc7737d71ec2b15f71eddf9)] -> xpath: //input[@id='search-submit']]
2023-05-17 20:05:673 INFO  ResultPage :22 - Get text : [[ChromeDriver: chrome on WINDOWS (b1ed7fec4cc7737d71ec2b15f71eddf9)] -> xpath: //h1]
2023-05-17 20:05:265 INFO  ManageBrowser :28 - Opening browser Chrome 
2023-05-17 20:05:463 INFO  Homepage :39 - Click on : [[ChromeDriver: chrome on WINDOWS (31fb65f993a7e6b961975f717dad7f42)] -> xpath: //a[normalize-space()='Used']]
2023-05-17 20:05:682 INFO  NewAndUsedCarPage :38 - Get text : [[ChromeDriver: chrome on WINDOWS (31fb65f993a7e6b961975f717dad7f42)] -> xpath: //h1]
2023-05-17 20:05:256 INFO  NewAndUsedCarPage :43 - Select : [[ChromeDriver: chrome on WINDOWS (31fb65f993a7e6b961975f717dad7f42)] -> id: makes]
2023-05-17 20:05:444 INFO  NewAndUsedCarPage :47 - Select : [[ChromeDriver: chrome on WINDOWS (31fb65f993a7e6b961975f717dad7f42)] -> id: models]
2023-05-17 20:05:632 INFO  NewAndUsedCarPage :51 - Select : [[ChromeDriver: chrome on WINDOWS (31fb65f993a7e6b961975f717dad7f42)] -> id: locations]
2023-05-17 20:05:815 INFO  NewAndUsedCarPage :55 - Select : [[ChromeDriver: chrome on WINDOWS (31fb65f993a7e6b961975f717dad7f42)] -> id: priceTo]
2023-05-17 20:05:799 INFO  NewAndUsedCarPage :60 - Click on : [[ChromeDriver: chrome on WINDOWS (31fb65f993a7e6b961975f717dad7f42)] -> xpath: //input[@id='search-submit']]
2023-05-17 20:05:841 INFO  ResultPage :22 - Get text : [[ChromeDriver: chrome on WINDOWS (31fb65f993a7e6b961975f717dad7f42)] -> xpath: //h1]
2023-05-17 20:05:748 INFO  ManageBrowser :28 - Opening browser Chrome 
2023-05-17 20:05:330 INFO  ManageBrowser :28 - Opening browser Chrome 
2023-05-17 20:05:260 INFO  Homepage :39 - Click on : [[ChromeDriver: chrome on WINDOWS (5d76aabb2d09b47eaefb207a1c4f7775)] -> xpath: //a[normalize-space()='Used']]
2023-05-17 20:05:198 INFO  NewAndUsedCarPage :38 - Get text : [[ChromeDriver: chrome on WINDOWS (5d76aabb2d09b47eaefb207a1c4f7775)] -> xpath: //h1]
2023-05-17 20:05:541 INFO  NewAndUsedCarPage :43 - Select : [[ChromeDriver: chrome on WINDOWS (5d76aabb2d09b47eaefb207a1c4f7775)] -> id: makes]
2023-05-17 20:05:65 INFO  NewAndUsedCarPage :47 - Select : [[ChromeDriver: chrome on WINDOWS (5d76aabb2d09b47eaefb207a1c4f7775)] -> id: models]
2023-05-17 20:05:308 INFO  NewAndUsedCarPage :51 - Select : [[ChromeDriver: chrome on WINDOWS (5d76aabb2d09b47eaefb207a1c4f7775)] -> id: locations]
2023-05-17 20:05:413 INFO  NewAndUsedCarPage :55 - Select : [[ChromeDriver: chrome on WINDOWS (5d76aabb2d09b47eaefb207a1c4f7775)] -> id: priceTo]
2023-05-17 20:05:500 INFO  NewAndUsedCarPage :60 - Click on : [[ChromeDriver: chrome on WINDOWS (5d76aabb2d09b47eaefb207a1c4f7775)] -> xpath: //input[@id='search-submit']]
2023-05-17 20:05:554 INFO  ResultPage :22 - Get text : [[ChromeDriver: chrome on WINDOWS (5d76aabb2d09b47eaefb207a1c4f7775)] -> xpath: //h1]
2023-05-17 20:05:527 INFO  ManageBrowser :28 - Opening browser Chrome 
2023-05-17 20:05:229 INFO  Homepage :39 - Click on : [[ChromeDriver: chrome on WINDOWS (bd963c3d49fb125bbfd3e2e083264c8f)] -> xpath: //a[normalize-space()='Used']]
2023-05-17 20:05:374 INFO  NewAndUsedCarPage :38 - Get text : [[ChromeDriver: chrome on WINDOWS (bd963c3d49fb125bbfd3e2e083264c8f)] -> xpath: //h1]
2023-05-17 20:05:02 INFO  NewAndUsedCarPage :43 - Select : [[ChromeDriver: chrome on WINDOWS (bd963c3d49fb125bbfd3e2e083264c8f)] -> id: makes]
2023-05-17 20:05:863 INFO  NewAndUsedCarPage :47 - Select : [[ChromeDriver: chrome on WINDOWS (bd963c3d49fb125bbfd3e2e083264c8f)] -> id: models]
2023-05-17 20:05:423 INFO  NewAndUsedCarPage :51 - Select : [[ChromeDriver: chrome on WINDOWS (bd963c3d49fb125bbfd3e2e083264c8f)] -> id: locations]
2023-05-17 20:05:533 INFO  NewAndUsedCarPage :55 - Select : [[ChromeDriver: chrome on WINDOWS (bd963c3d49fb125bbfd3e2e083264c8f)] -> id: priceTo]
2023-05-17 20:05:575 INFO  NewAndUsedCarPage :60 - Click on : [[ChromeDriver: chrome on WINDOWS (bd963c3d49fb125bbfd3e2e083264c8f)] -> xpath: //input[@id='search-submit']]
2023-05-17 20:05:602 INFO  ResultPage :22 - Get text : [[ChromeDriver: chrome on WINDOWS (bd963c3d49fb125bbfd3e2e083264c8f)] -> xpath: //h1]
2023-05-17 22:05:857 INFO  ManageBrowser :28 - Opening browser Chrome 
2023-05-17 22:05:715 INFO  ManageBrowser :28 - Opening browser Chrome 
2023-05-17 22:05:232 INFO  Homepage :37 - Click on : [[ChromeDriver: chrome on WINDOWS (3184d011133b0c4e4f6a3fed46dd0030)] -> xpath: //a[normalize-space()='Search Cars']]
2023-05-17 22:05:300 INFO  NewAndUsedCarPage :38 - Get text : [[ChromeDriver: chrome on WINDOWS (3184d011133b0c4e4f6a3fed46dd0030)] -> xpath: //h1]
2023-05-17 22:05:970 INFO  NewAndUsedCarPage :43 - Select : [[ChromeDriver: chrome on WINDOWS (3184d011133b0c4e4f6a3fed46dd0030)] -> id: makes]
2023-05-17 22:05:286 INFO  NewAndUsedCarPage :47 - Select : [[ChromeDriver: chrome on WINDOWS (3184d011133b0c4e4f6a3fed46dd0030)] -> id: models]
2023-05-17 22:05:394 INFO  NewAndUsedCarPage :51 - Select : [[ChromeDriver: chrome on WINDOWS (3184d011133b0c4e4f6a3fed46dd0030)] -> id: locations]
2023-05-17 22:05:497 INFO  NewAndUsedCarPage :55 - Select : [[ChromeDriver: chrome on WINDOWS (3184d011133b0c4e4f6a3fed46dd0030)] -> id: priceTo]
2023-05-17 22:05:987 INFO  NewAndUsedCarPage :60 - Click on : [[ChromeDriver: chrome on WINDOWS (3184d011133b0c4e4f6a3fed46dd0030)] -> xpath: //input[@id='search-submit']]
2023-05-17 22:05:18 INFO  ResultPage :22 - Get text : [[ChromeDriver: chrome on WINDOWS (3184d011133b0c4e4f6a3fed46dd0030)] -> xpath: //h1]
2023-05-17 22:05:628 INFO  ManageBrowser :28 - Opening browser Chrome 
2023-05-17 22:05:48 INFO  Homepage :37 - Click on : [[ChromeDriver: chrome on WINDOWS (51a74ce13b8e8ded135ae8ffd12d4fa2)] -> xpath: //a[normalize-space()='Search Cars']]
2023-05-17 22:05:119 INFO  NewAndUsedCarPage :38 - Get text : [[ChromeDriver: chrome on WINDOWS (51a74ce13b8e8ded135ae8ffd12d4fa2)] -> xpath: //h1]
2023-05-17 22:05:301 INFO  NewAndUsedCarPage :43 - Select : [[ChromeDriver: chrome on WINDOWS (51a74ce13b8e8ded135ae8ffd12d4fa2)] -> id: makes]
2023-05-17 22:05:691 INFO  NewAndUsedCarPage :47 - Select : [[ChromeDriver: chrome on WINDOWS (51a74ce13b8e8ded135ae8ffd12d4fa2)] -> id: models]
2023-05-17 22:05:805 INFO  NewAndUsedCarPage :51 - Select : [[ChromeDriver: chrome on WINDOWS (51a74ce13b8e8ded135ae8ffd12d4fa2)] -> id: locations]
2023-05-17 22:05:904 INFO  NewAndUsedCarPage :55 - Select : [[ChromeDriver: chrome on WINDOWS (51a74ce13b8e8ded135ae8ffd12d4fa2)] -> id: priceTo]
2023-05-17 22:05:370 INFO  NewAndUsedCarPage :60 - Click on : [[ChromeDriver: chrome on WINDOWS (51a74ce13b8e8ded135ae8ffd12d4fa2)] -> xpath: //input[@id='search-submit']]
2023-05-17 22:05:416 INFO  ResultPage :22 - Get text : [[ChromeDriver: chrome on WINDOWS (51a74ce13b8e8ded135ae8ffd12d4fa2)] -> xpath: //h1]
2023-05-17 22:05:09 INFO  ManageBrowser :28 - Opening browser Chrome 
2023-05-17 22:05:37 INFO  Homepage :37 - Click on : [[ChromeDriver: chrome on WINDOWS (43f38181c99814ce7c40cc8fd0f53b15)] -> xpath: //a[normalize-space()='Search Cars']]
2023-05-17 22:05:355 INFO  NewAndUsedCarPage :38 - Get text : [[ChromeDriver: chrome on WINDOWS (43f38181c99814ce7c40cc8fd0f53b15)] -> xpath: //h1]
2023-05-17 22:05:665 INFO  NewAndUsedCarPage :43 - Select : [[ChromeDriver: chrome on WINDOWS (43f38181c99814ce7c40cc8fd0f53b15)] -> id: makes]
2023-05-17 22:05:925 INFO  NewAndUsedCarPage :47 - Select : [[ChromeDriver: chrome on WINDOWS (43f38181c99814ce7c40cc8fd0f53b15)] -> id: models]
2023-05-17 22:05:18 INFO  NewAndUsedCarPage :51 - Select : [[ChromeDriver: chrome on WINDOWS (43f38181c99814ce7c40cc8fd0f53b15)] -> id: locations]
2023-05-17 22:05:113 INFO  NewAndUsedCarPage :55 - Select : [[ChromeDriver: chrome on WINDOWS (43f38181c99814ce7c40cc8fd0f53b15)] -> id: priceTo]
2023-05-17 22:05:92 INFO  NewAndUsedCarPage :60 - Click on : [[ChromeDriver: chrome on WINDOWS (43f38181c99814ce7c40cc8fd0f53b15)] -> xpath: //input[@id='search-submit']]
2023-05-17 22:05:123 INFO  ResultPage :22 - Get text : [[ChromeDriver: chrome on WINDOWS (43f38181c99814ce7c40cc8fd0f53b15)] -> xpath: //h1]
2023-05-17 22:05:564 INFO  ManageBrowser :28 - Opening browser Chrome 
2023-05-17 22:05:772 INFO  Homepage :37 - Click on : [[ChromeDriver: chrome on WINDOWS (529dc492fd3738d8f9126d2ed5f7333d)] -> xpath: //a[normalize-space()='Search Cars']]
2023-05-17 22:05:604 INFO  NewAndUsedCarPage :38 - Get text : [[ChromeDriver: chrome on WINDOWS (529dc492fd3738d8f9126d2ed5f7333d)] -> xpath: //h1]
2023-05-17 22:05:279 INFO  NewAndUsedCarPage :43 - Select : [[ChromeDriver: chrome on WINDOWS (529dc492fd3738d8f9126d2ed5f7333d)] -> id: makes]
2023-05-17 22:05:687 INFO  NewAndUsedCarPage :47 - Select : [[ChromeDriver: chrome on WINDOWS (529dc492fd3738d8f9126d2ed5f7333d)] -> id: models]
2023-05-17 22:05:797 INFO  NewAndUsedCarPage :51 - Select : [[ChromeDriver: chrome on WINDOWS (529dc492fd3738d8f9126d2ed5f7333d)] -> id: locations]
2023-05-17 22:05:915 INFO  NewAndUsedCarPage :55 - Select : [[ChromeDriver: chrome on WINDOWS (529dc492fd3738d8f9126d2ed5f7333d)] -> id: priceTo]
2023-05-17 22:05:707 INFO  NewAndUsedCarPage :60 - Click on : [[ChromeDriver: chrome on WINDOWS (529dc492fd3738d8f9126d2ed5f7333d)] -> xpath: //input[@id='search-submit']]
2023-05-17 22:05:756 INFO  ResultPage :22 - Get text : [[ChromeDriver: chrome on WINDOWS (529dc492fd3738d8f9126d2ed5f7333d)] -> xpath: //h1]
2023-05-17 22:05:84 INFO  ManageBrowser :28 - Opening browser Chrome 
2023-05-17 22:05:614 INFO  Homepage :37 - Click on : [[ChromeDriver: chrome on WINDOWS (28cae595237bca0dc614f056cc241bd3)] -> xpath: //a[normalize-space()='Search Cars']]
2023-05-17 22:05:686 INFO  NewAndUsedCarPage :38 - Get text : [[ChromeDriver: chrome on WINDOWS (28cae595237bca0dc614f056cc241bd3)] -> xpath: //h1]
2023-05-17 22:05:24 INFO  NewAndUsedCarPage :43 - Select : [[ChromeDriver: chrome on WINDOWS (28cae595237bca0dc614f056cc241bd3)] -> id: makes]
2023-05-17 22:05:467 INFO  NewAndUsedCarPage :47 - Select : [[ChromeDriver: chrome on WINDOWS (28cae595237bca0dc614f056cc241bd3)] -> id: models]
2023-05-17 22:05:560 INFO  NewAndUsedCarPage :51 - Select : [[ChromeDriver: chrome on WINDOWS (28cae595237bca0dc614f056cc241bd3)] -> id: locations]
2023-05-17 22:05:658 INFO  NewAndUsedCarPage :55 - Select : [[ChromeDriver: chrome on WINDOWS (28cae595237bca0dc614f056cc241bd3)] -> id: priceTo]
2023-05-17 22:05:75 INFO  NewAndUsedCarPage :60 - Click on : [[ChromeDriver: chrome on WINDOWS (28cae595237bca0dc614f056cc241bd3)] -> xpath: //input[@id='search-submit']]
2023-05-17 22:05:112 INFO  ResultPage :22 - Get text : [[ChromeDriver: chrome on WINDOWS (28cae595237bca0dc614f056cc241bd3)] -> xpath: //h1]
2023-05-17 22:05:727 INFO  ManageBrowser :28 - Opening browser Chrome 
2023-05-17 22:05:375 INFO  Homepage :37 - Click on : [[ChromeDriver: chrome on WINDOWS (d70356ed477bef997b1b267562078d5a)] -> xpath: //a[normalize-space()='Search Cars']]
2023-05-17 22:05:850 INFO  NewAndUsedCarPage :38 - Get text : [[ChromeDriver: chrome on WINDOWS (d70356ed477bef997b1b267562078d5a)] -> xpath: //h1]
2023-05-17 22:05:184 INFO  NewAndUsedCarPage :43 - Select : [[ChromeDriver: chrome on WINDOWS (d70356ed477bef997b1b267562078d5a)] -> id: makes]
2023-05-17 22:05:435 INFO  NewAndUsedCarPage :47 - Select : [[ChromeDriver: chrome on WINDOWS (d70356ed477bef997b1b267562078d5a)] -> id: models]
2023-05-17 22:05:535 INFO  NewAndUsedCarPage :51 - Select : [[ChromeDriver: chrome on WINDOWS (d70356ed477bef997b1b267562078d5a)] -> id: locations]
2023-05-17 22:05:631 INFO  NewAndUsedCarPage :55 - Select : [[ChromeDriver: chrome on WINDOWS (d70356ed477bef997b1b267562078d5a)] -> id: priceTo]
2023-05-17 22:05:533 INFO  NewAndUsedCarPage :60 - Click on : [[ChromeDriver: chrome on WINDOWS (d70356ed477bef997b1b267562078d5a)] -> xpath: //input[@id='search-submit']]
2023-05-17 22:05:583 INFO  ResultPage :22 - Get text : [[ChromeDriver: chrome on WINDOWS (d70356ed477bef997b1b267562078d5a)] -> xpath: //h1]
2023-05-17 22:05:594 INFO  ManageBrowser :28 - Opening browser Chrome 
2023-05-17 22:05:590 INFO  ManageBrowser :28 - Opening browser Chrome 
2023-05-17 22:05:312 INFO  ManageBrowser :28 - Opening browser Chrome 
2023-05-17 22:05:436 INFO  ManageBrowser :28 - Opening browser Chrome 
2023-05-17 22:05:787 INFO  ManageBrowser :28 - Opening browser Chrome 
2023-05-17 22:05:825 INFO  ManageBrowser :28 - Opening browser Chrome 
2023-05-17 22:05:170 INFO  ManageBrowser :28 - Opening browser Chrome 
2023-05-17 22:05:22 INFO  ManageBrowser :28 - Opening browser Chrome 
2023-05-18 09:05:802 INFO  ManageBrowser :28 - Opening browser Chrome 
2023-05-18 09:05:310 INFO  ManageBrowser :28 - Opening browser Chrome 
2023-05-18 09:05:772 INFO  ManageBrowser :28 - Opening browser Chrome 
2023-05-18 09:05:900 INFO  ManageBrowser :28 - Opening browser Chrome 
2023-05-18 09:05:260 INFO  ManageBrowser :28 - Opening browser Chrome 
2023-05-18 09:05:947 INFO  ManageBrowser :28 - Opening browser Chrome 
2023-05-18 09:05:144 INFO  ManageBrowser :28 - Opening browser Chrome 
2023-05-18 09:05:385 INFO  ManageBrowser :28 - Opening browser Chrome 
2023-05-18 09:05:45 INFO  ManageBrowser :28 - Opening browser Chrome 
2023-05-18 09:05:454 INFO  ManageBrowser :28 - Opening browser Chrome 
2023-05-18 09:05:767 INFO  ManageBrowser :28 - Opening browser Chrome 
2023-05-18 09:05:725 INFO  ManageBrowser :28 - Opening browser Chrome 
2023-05-18 09:05:709 INFO  ManageBrowser :28 - Opening browser Chrome 
2023-05-18 09:05:242 INFO  ManageBrowser :28 - Opening browser Chrome 
